# JRE version: OpenJDK Runtime Environment Temurin-17.0.10+7 (17.0.10+7) (build 17.0.10+7)
# Java VM: OpenJDK 64-Bit Server VM Temurin-17.0.10+7 (17.0.10+7, mixed mode, tiered, compressed oops, compressed class ptrs, parallel gc, windows-amd64)
GC Precious Log:
 CPUs: 8 total, 8 available
 Memory: 7103M
 Large Page Support: Disabled
 NUMA Support: Disabled
 Compressed Oops: Enabled (32-bit)
 Alignments: Space 512K, Generation 512K, Heap 2M
 Heap Min Capacity: 100M
 Heap Initial Capacity: 100M
 Heap Max Capacity: 1G
 Pre-touch: Disabled
 Parallel Workers: 8
Heap:
 PSYoungGen      total 23040K, used 10824K [0x00000000eab00000, 0x00000000ec800000, 0x0000000100000000)
  eden space 18944K, 37% used [0x00000000eab00000,0x00000000eb1fe9d0,0x00000000ebd80000)
  from space 4096K, 89% used [0x00000000ec400000,0x00000000ec7937c0,0x00000000ec800000)
  to   space 4096K, 0% used [0x00000000ec000000,0x00000000ec000000,0x00000000ec400000)
 ParOldGen       total 135168K, used 78242K [0x00000000c0000000, 0x00000000c8400000, 0x00000000eab00000)
  object space 135168K, 57% used [0x00000000c0000000,0x00000000c4c68bd0,0x00000000c8400000)
 Metaspace       used 71440K, committed 72640K, reserved 1114112K
  class space    used 7662K, committed 8192K, reserved 1048576K
GC Heap History (20 events):
Event: 20.077 GC heap before
{Heap before GC invocations=34 (full 3):
 PSYoungGen      total 19968K, used 19744K [0x00000000eab00000, 0x00000000ec180000, 0x0000000100000000)
  eden space 19456K, 100% used [0x00000000eab00000,0x00000000ebe00000,0x00000000ebe00000)
  from space 512K, 56% used [0x00000000ec100000,0x00000000ec148000,0x00000000ec180000)
  to   space 1024K, 0% used [0x00000000ebf80000,0x00000000ebf80000,0x00000000ec080000)
 ParOldGen       total 68608K, used 40047K [0x00000000c0000000, 0x00000000c4300000, 0x00000000eab00000)
  object space 68608K, 58% used [0x00000000c0000000,0x00000000c271bc30,0x00000000c4300000)
 Metaspace       used 64730K, committed 65856K, reserved 1114112K
  class space    used 7033K, committed 7552K, reserved 1048576K
}
Event: 20.079 GC heap after
{Heap after GC invocations=34 (full 3):
 PSYoungGen      total 20480K, used 599K [0x00000000eab00000, 0x00000000ec180000, 0x0000000100000000)
  eden space 19456K, 0% used [0x00000000eab00000,0x00000000eab00000,0x00000000ebe00000)
  from space 1024K, 58% used [0x00000000ebf80000,0x00000000ec015fe8,0x00000000ec080000)
  to   space 1024K, 0% used [0x00000000ec080000,0x00000000ec080000,0x00000000ec180000)
 ParOldGen       total 68608K, used 40231K [0x00000000c0000000, 0x00000000c4300000, 0x00000000eab00000)
  object space 68608K, 58% used [0x00000000c0000000,0x00000000c2749c30,0x00000000c4300000)
 Metaspace       used 64730K, committed 65856K, reserved 1114112K
  class space    used 7033K, committed 7552K, reserved 1048576K
}
Event: 20.218 GC heap before
{Heap before GC invocations=35 (full 3):
 PSYoungGen      total 20480K, used 20055K [0x00000000eab00000, 0x00000000ec180000, 0x0000000100000000)
  eden space 19456K, 100% used [0x00000000eab00000,0x00000000ebe00000,0x00000000ebe00000)
  from space 1024K, 58% used [0x00000000ebf80000,0x00000000ec015fe8,0x00000000ec080000)
  to   space 1024K, 0% used [0x00000000ec080000,0x00000000ec080000,0x00000000ec180000)
 ParOldGen       total 68608K, used 40231K [0x00000000c0000000, 0x00000000c4300000, 0x00000000eab00000)
  object space 68608K, 58% used [0x00000000c0000000,0x00000000c2749c30,0x00000000c4300000)
 Metaspace       used 66140K, committed 67264K, reserved 1114112K
  class space    used 7184K, committed 7680K, reserved 1048576K
}
Event: 20.222 GC heap after
{Heap after GC invocations=35 (full 3):
 PSYoungGen      total 20480K, used 729K [0x00000000eab00000, 0x00000000ec180000, 0x0000000100000000)
  eden space 19456K, 0% used [0x00000000eab00000,0x00000000eab00000,0x00000000ebe00000)
  from space 1024K, 71% used [0x00000000ec080000,0x00000000ec136490,0x00000000ec180000)
  to   space 1024K, 0% used [0x00000000ebf80000,0x00000000ebf80000,0x00000000ec080000)
 ParOldGen       total 68608K, used 40701K [0x00000000c0000000, 0x00000000c4300000, 0x00000000eab00000)
  object space 68608K, 59% used [0x00000000c0000000,0x00000000c27bf758,0x00000000c4300000)
 Metaspace       used 66140K, committed 67264K, reserved 1114112K
  class space    used 7184K, committed 7680K, reserved 1048576K
}
Event: 20.311 GC heap before
{Heap before GC invocations=36 (full 3):
 PSYoungGen      total 20480K, used 16505K [0x00000000eab00000, 0x00000000ec180000, 0x0000000100000000)
  eden space 19456K, 81% used [0x00000000eab00000,0x00000000eba680e8,0x00000000ebe00000)
  from space 1024K, 71% used [0x00000000ec080000,0x00000000ec136490,0x00000000ec180000)
  to   space 1024K, 0% used [0x00000000ebf80000,0x00000000ebf80000,0x00000000ec080000)
 ParOldGen       total 68608K, used 40701K [0x00000000c0000000, 0x00000000c4300000, 0x00000000eab00000)
  object space 68608K, 59% used [0x00000000c0000000,0x00000000c27bf758,0x00000000c4300000)
 Metaspace       used 66415K, committed 67520K, reserved 1114112K
  class space    used 7200K, committed 7680K, reserved 1048576K
}
Event: 20.318 GC heap after
{Heap after GC invocations=36 (full 3):
 PSYoungGen      total 20480K, used 586K [0x00000000eab00000, 0x00000000ec100000, 0x0000000100000000)
  eden space 19456K, 0% used [0x00000000eab00000,0x00000000eab00000,0x00000000ebe00000)
  from space 1024K, 57% used [0x00000000ebf80000,0x00000000ec012b78,0x00000000ec080000)
  to   space 512K, 0% used [0x00000000ec080000,0x00000000ec080000,0x00000000ec100000)
 ParOldGen       total 68608K, used 47824K [0x00000000c0000000, 0x00000000c4300000, 0x00000000eab00000)
  object space 68608K, 69% used [0x00000000c0000000,0x00000000c2eb4338,0x00000000c4300000)
 Metaspace       used 66415K, committed 67520K, reserved 1114112K
  class space    used 7200K, committed 7680K, reserved 1048576K
}
Event: 20.442 GC heap before
{Heap before GC invocations=37 (full 4):
 PSYoungGen      total 20480K, used 20042K [0x00000000eab00000, 0x00000000ec100000, 0x0000000100000000)
  eden space 19456K, 100% used [0x00000000eab00000,0x00000000ebe00000,0x00000000ebe00000)
  from space 1024K, 57% used [0x00000000ebf80000,0x00000000ec012b78,0x00000000ec080000)
  to   space 512K, 0% used [0x00000000ec080000,0x00000000ec080000,0x00000000ec100000)
 ParOldGen       total 91136K, used 85163K [0x00000000c0000000, 0x00000000c5900000, 0x00000000eab00000)
  object space 91136K, 93% used [0x00000000c0000000,0x00000000c532ae88,0x00000000c5900000)
 Metaspace       used 66766K, committed 67904K, reserved 1114112K
  class space    used 7235K, committed 7744K, reserved 1048576K
}
Event: 20.491 GC heap after
{Heap after GC invocations=37 (full 4):
 PSYoungGen      total 19968K, used 0K [0x00000000eab00000, 0x00000000ec100000, 0x0000000100000000)
  eden space 19456K, 0% used [0x00000000eab00000,0x00000000eab00000,0x00000000ebe00000)
  from space 512K, 0% used [0x00000000ec080000,0x00000000ec080000,0x00000000ec100000)
  to   space 1024K, 0% used [0x00000000ebf00000,0x00000000ebf00000,0x00000000ec000000)
 ParOldGen       total 87552K, used 54029K [0x00000000c0000000, 0x00000000c5580000, 0x00000000eab00000)
  object space 87552K, 61% used [0x00000000c0000000,0x00000000c34c35d0,0x00000000c5580000)
 Metaspace       used 66766K, committed 67904K, reserved 1114112K
  class space    used 7235K, committed 7744K, reserved 1048576K
}
Event: 20.581 GC heap before
{Heap before GC invocations=38 (full 4):
 PSYoungGen      total 19968K, used 19456K [0x00000000eab00000, 0x00000000ec100000, 0x0000000100000000)
  eden space 19456K, 100% used [0x00000000eab00000,0x00000000ebe00000,0x00000000ebe00000)
  from space 512K, 0% used [0x00000000ec080000,0x00000000ec080000,0x00000000ec100000)
  to   space 1024K, 0% used [0x00000000ebf00000,0x00000000ebf00000,0x00000000ec000000)
 ParOldGen       total 87552K, used 54029K [0x00000000c0000000, 0x00000000c5580000, 0x00000000eab00000)
  object space 87552K, 61% used [0x00000000c0000000,0x00000000c34c35d0,0x00000000c5580000)
 Metaspace       used 67212K, committed 68416K, reserved 1114112K
  class space    used 7276K, committed 7808K, reserved 1048576K
}
Event: 20.590 GC heap after
{Heap after GC invocations=38 (full 4):
 PSYoungGen      total 20480K, used 1024K [0x00000000eab00000, 0x00000000ed900000, 0x0000000100000000)
  eden space 19456K, 0% used [0x00000000eab00000,0x00000000eab00000,0x00000000ebe00000)
  from space 1024K, 100% used [0x00000000ebf00000,0x00000000ec000000,0x00000000ec000000)
  to   space 13824K, 0% used [0x00000000ecb80000,0x00000000ecb80000,0x00000000ed900000)
 ParOldGen       total 87552K, used 64778K [0x00000000c0000000, 0x00000000c5580000, 0x00000000eab00000)
  object space 87552K, 73% used [0x00000000c0000000,0x00000000c3f42888,0x00000000c5580000)
 Metaspace       used 67212K, committed 68416K, reserved 1114112K
  class space    used 7276K, committed 7808K, reserved 1048576K
}
Event: 20.645 GC heap before
{Heap before GC invocations=39 (full 4):
 PSYoungGen      total 20480K, used 20480K [0x00000000eab00000, 0x00000000ed900000, 0x0000000100000000)
  eden space 19456K, 100% used [0x00000000eab00000,0x00000000ebe00000,0x00000000ebe00000)
  from space 1024K, 100% used [0x00000000ebf00000,0x00000000ec000000,0x00000000ec000000)
  to   space 13824K, 0% used [0x00000000ecb80000,0x00000000ecb80000,0x00000000ed900000)
 ParOldGen       total 87552K, used 64778K [0x00000000c0000000, 0x00000000c5580000, 0x00000000eab00000)
  object space 87552K, 73% used [0x00000000c0000000,0x00000000c3f42888,0x00000000c5580000)
 Metaspace       used 67577K, committed 68736K, reserved 1114112K
  class space    used 7331K, committed 7808K, reserved 1048576K
}
Event: 20.653 GC heap after
{Heap after GC invocations=39 (full 4):
 PSYoungGen      total 32768K, used 13376K [0x00000000eab00000, 0x00000000eda00000, 0x0000000100000000)
  eden space 18944K, 0% used [0x00000000eab00000,0x00000000eab00000,0x00000000ebd80000)
  from space 13824K, 96% used [0x00000000ecb80000,0x00000000ed890000,0x00000000ed900000)
  to   space 14336K, 0% used [0x00000000ebd80000,0x00000000ebd80000,0x00000000ecb80000)
 ParOldGen       total 87552K, used 65807K [0x00000000c0000000, 0x00000000c5580000, 0x00000000eab00000)
  object space 87552K, 75% used [0x00000000c0000000,0x00000000c4043f60,0x00000000c5580000)
 Metaspace       used 67577K, committed 68736K, reserved 1114112K
  class space    used 7331K, committed 7808K, reserved 1048576K
}
Event: 20.719 GC heap before
{Heap before GC invocations=40 (full 4):
 PSYoungGen      total 32768K, used 32289K [0x00000000eab00000, 0x00000000eda00000, 0x0000000100000000)
  eden space 18944K, 99% used [0x00000000eab00000,0x00000000ebd78768,0x00000000ebd80000)
  from space 13824K, 96% used [0x00000000ecb80000,0x00000000ed890000,0x00000000ed900000)
  to   space 14336K, 0% used [0x00000000ebd80000,0x00000000ebd80000,0x00000000ecb80000)
 ParOldGen       total 87552K, used 65807K [0x00000000c0000000, 0x00000000c5580000, 0x00000000eab00000)
  object space 87552K, 75% used [0x00000000c0000000,0x00000000c4043f60,0x00000000c5580000)
 Metaspace       used 68050K, committed 69184K, reserved 1114112K
  class space    used 7372K, committed 7872K, reserved 1048576K
}
Event: 20.730 GC heap after
{Heap after GC invocations=40 (full 4):
 PSYoungGen      total 31232K, used 11808K [0x00000000eab00000, 0x00000000ed680000, 0x0000000100000000)
  eden space 18944K, 0% used [0x00000000eab00000,0x00000000eab00000,0x00000000ebd80000)
  from space 12288K, 96% used [0x00000000ebd80000,0x00000000ec908000,0x00000000ec980000)
  to   space 12800K, 0% used [0x00000000eca00000,0x00000000eca00000,0x00000000ed680000)
 ParOldGen       total 87552K, used 79127K [0x00000000c0000000, 0x00000000c5580000, 0x00000000eab00000)
  object space 87552K, 90% used [0x00000000c0000000,0x00000000c4d45f60,0x00000000c5580000)
 Metaspace       used 68050K, committed 69184K, reserved 1114112K
  class space    used 7372K, committed 7872K, reserved 1048576K
}
Event: 20.730 GC heap before
{Heap before GC invocations=41 (full 5):
 PSYoungGen      total 31232K, used 11808K [0x00000000eab00000, 0x00000000ed680000, 0x0000000100000000)
  eden space 18944K, 0% used [0x00000000eab00000,0x00000000eab00000,0x00000000ebd80000)
  from space 12288K, 96% used [0x00000000ebd80000,0x00000000ec908000,0x00000000ec980000)
  to   space 12800K, 0% used [0x00000000eca00000,0x00000000eca00000,0x00000000ed680000)
 ParOldGen       total 87552K, used 79127K [0x00000000c0000000, 0x00000000c5580000, 0x00000000eab00000)
  object space 87552K, 90% used [0x00000000c0000000,0x00000000c4d45f60,0x00000000c5580000)
 Metaspace       used 68050K, committed 69184K, reserved 1114112K
  class space    used 7372K, committed 7872K, reserved 1048576K
}
Event: 20.800 GC heap after
{Heap after GC invocations=41 (full 5):
 PSYoungGen      total 31744K, used 0K [0x00000000eab00000, 0x00000000ed880000, 0x0000000100000000)
  eden space 18944K, 0% used [0x00000000eab00000,0x00000000eab00000,0x00000000ebd80000)
  from space 12800K, 0% used [0x00000000eca00000,0x00000000eca00000,0x00000000ed680000)
  to   space 12800K, 0% used [0x00000000ebd80000,0x00000000ebd80000,0x00000000eca00000)
 ParOldGen       total 135168K, used 78226K [0x00000000c0000000, 0x00000000c8400000, 0x00000000eab00000)
  object space 135168K, 57% used [0x00000000c0000000,0x00000000c4c64bd0,0x00000000c8400000)
 Metaspace       used 68050K, committed 69184K, reserved 1114112K
  class space    used 7372K, committed 7872K, reserved 1048576K
}
Event: 21.159 GC heap before
{Heap before GC invocations=42 (full 5):
 PSYoungGen      total 31744K, used 17900K [0x00000000eab00000, 0x00000000ed880000, 0x0000000100000000)
  eden space 18944K, 94% used [0x00000000eab00000,0x00000000ebc7b1d0,0x00000000ebd80000)
  from space 12800K, 0% used [0x00000000eca00000,0x00000000eca00000,0x00000000ed680000)
  to   space 12800K, 0% used [0x00000000ebd80000,0x00000000ebd80000,0x00000000eca00000)
 ParOldGen       total 135168K, used 78226K [0x00000000c0000000, 0x00000000c8400000, 0x00000000eab00000)
  object space 135168K, 57% used [0x00000000c0000000,0x00000000c4c64bd0,0x00000000c8400000)
 Metaspace       used 69898K, committed 70976K, reserved 1114112K
  class space    used 7544K, committed 8000K, reserved 1048576K
}
Event: 21.164 GC heap after
{Heap after GC invocations=42 (full 5):
 PSYoungGen      total 22016K, used 3040K [0x00000000eab00000, 0x00000000eca80000, 0x0000000100000000)
  eden space 18944K, 0% used [0x00000000eab00000,0x00000000eab00000,0x00000000ebd80000)
  from space 3072K, 98% used [0x00000000ebd80000,0x00000000ec078228,0x00000000ec080000)
  to   space 6656K, 0% used [0x00000000ec400000,0x00000000ec400000,0x00000000eca80000)
 ParOldGen       total 135168K, used 78234K [0x00000000c0000000, 0x00000000c8400000, 0x00000000eab00000)
  object space 135168K, 57% used [0x00000000c0000000,0x00000000c4c66bd0,0x00000000c8400000)
 Metaspace       used 69898K, committed 70976K, reserved 1114112K
  class space    used 7544K, committed 8000K, reserved 1048576K
}
Event: 21.366 GC heap before
{Heap before GC invocations=43 (full 5):
 PSYoungGen      total 22016K, used 21984K [0x00000000eab00000, 0x00000000eca80000, 0x0000000100000000)
  eden space 18944K, 100% used [0x00000000eab00000,0x00000000ebd80000,0x00000000ebd80000)
  from space 3072K, 98% used [0x00000000ebd80000,0x00000000ec078228,0x00000000ec080000)
  to   space 6656K, 0% used [0x00000000ec400000,0x00000000ec400000,0x00000000eca80000)
 ParOldGen       total 135168K, used 78234K [0x00000000c0000000, 0x00000000c8400000, 0x00000000eab00000)
  object space 135168K, 57% used [0x00000000c0000000,0x00000000c4c66bd0,0x00000000c8400000)
 Metaspace       used 71037K, committed 72192K, reserved 1114112K
  class space    used 7637K, committed 8128K, reserved 1048576K
}
Event: 21.370 GC heap after
{Heap after GC invocations=43 (full 5):
 PSYoungGen      total 23040K, used 3661K [0x00000000eab00000, 0x00000000ec800000, 0x0000000100000000)
  eden space 18944K, 0% used [0x00000000eab00000,0x00000000eab00000,0x00000000ebd80000)
  from space 4096K, 89% used [0x00000000ec400000,0x00000000ec7937c0,0x00000000ec800000)
  to   space 4096K, 0% used [0x00000000ec000000,0x00000000ec000000,0x00000000ec400000)
 ParOldGen       total 135168K, used 78242K [0x00000000c0000000, 0x00000000c8400000, 0x00000000eab00000)
  object space 135168K, 57% used [0x00000000c0000000,0x00000000c4c68bd0,0x00000000c8400000)
 Metaspace       used 71037K, committed 72192K, reserved 1114112K
  class space    used 7637K, committed 8128K, reserved 1048576K
}

