# JRE version: OpenJDK Runtime Environment Temurin-17.0.10+7 (17.0.10+7) (build 17.0.10+7)
# Java VM: OpenJDK 64-Bit Server VM Temurin-17.0.10+7 (17.0.10+7, mixed mode, tiered, compressed oops, compressed class ptrs, parallel gc, windows-amd64)
GC Precious Log:
 CPUs: 8 total, 8 available
 Memory: 7103M
 Large Page Support: Disabled
 NUMA Support: Disabled
 Compressed Oops: Enabled (32-bit)
 Alignments: Space 512K, Generation 512K, Heap 2M
 Heap Min Capacity: 100M
 Heap Initial Capacity: 100M
 Heap Max Capacity: 1G
 Pre-touch: Disabled
 Parallel Workers: 8
Heap:
 PSYoungGen      total 36864K, used 15328K [0x00000000eab00000, 0x00000000eff00000, 0x0000000100000000)
  eden space 21504K, 0% used [0x00000000eab00000,0x00000000eab00000,0x00000000ec000000)
  from space 15360K, 99% used [0x00000000ec400000,0x00000000ed2f8010,0x00000000ed300000)
  to   space 32256K, 0% used [0x00000000edf80000,0x00000000edf80000,0x00000000eff00000)
 ParOldGen       total 92672K, used 84418K [0x00000000c0000000, 0x00000000c5a80000, 0x00000000eab00000)
  object space 92672K, 91% used [0x00000000c0000000,0x00000000c52708c0,0x00000000c5a80000)
 Metaspace       used 65111K, committed 66240K, reserved 1114112K
  class space    used 6975K, committed 7488K, reserved 1048576K
GC Heap History (20 events):
Event: 27.385 GC heap after
{Heap after GC invocations=31 (full 3):
 PSYoungGen      total 22528K, used 0K [0x00000000eab00000, 0x00000000ec500000, 0x0000000100000000)
  eden space 21504K, 0% used [0x00000000eab00000,0x00000000eab00000,0x00000000ec000000)
  from space 1024K, 0% used [0x00000000ec400000,0x00000000ec400000,0x00000000ec500000)
  to   space 1024K, 0% used [0x00000000ec300000,0x00000000ec300000,0x00000000ec400000)
 ParOldGen       total 68608K, used 36052K [0x00000000c0000000, 0x00000000c4300000, 0x00000000eab00000)
  object space 68608K, 52% used [0x00000000c0000000,0x00000000c23350a0,0x00000000c4300000)
 Metaspace       used 58785K, committed 59776K, reserved 1114112K
  class space    used 6291K, committed 6720K, reserved 1048576K
}
Event: 28.029 GC heap before
{Heap before GC invocations=32 (full 3):
 PSYoungGen      total 22528K, used 21492K [0x00000000eab00000, 0x00000000ec500000, 0x0000000100000000)
  eden space 21504K, 99% used [0x00000000eab00000,0x00000000ebffd168,0x00000000ec000000)
  from space 1024K, 0% used [0x00000000ec400000,0x00000000ec400000,0x00000000ec500000)
  to   space 1024K, 0% used [0x00000000ec300000,0x00000000ec300000,0x00000000ec400000)
 ParOldGen       total 68608K, used 36052K [0x00000000c0000000, 0x00000000c4300000, 0x00000000eab00000)
  object space 68608K, 52% used [0x00000000c0000000,0x00000000c23350a0,0x00000000c4300000)
 Metaspace       used 60964K, committed 62016K, reserved 1114112K
  class space    used 6527K, committed 6976K, reserved 1048576K
}
Event: 28.031 GC heap after
{Heap after GC invocations=32 (full 3):
 PSYoungGen      total 22528K, used 856K [0x00000000eab00000, 0x00000000ec480000, 0x0000000100000000)
  eden space 21504K, 0% used [0x00000000eab00000,0x00000000eab00000,0x00000000ec000000)
  from space 1024K, 83% used [0x00000000ec300000,0x00000000ec3d6028,0x00000000ec400000)
  to   space 512K, 0% used [0x00000000ec400000,0x00000000ec400000,0x00000000ec480000)
 ParOldGen       total 68608K, used 36060K [0x00000000c0000000, 0x00000000c4300000, 0x00000000eab00000)
  object space 68608K, 52% used [0x00000000c0000000,0x00000000c23370a0,0x00000000c4300000)
 Metaspace       used 60964K, committed 62016K, reserved 1114112K
  class space    used 6527K, committed 6976K, reserved 1048576K
}
Event: 28.423 GC heap before
{Heap before GC invocations=33 (full 3):
 PSYoungGen      total 22528K, used 22360K [0x00000000eab00000, 0x00000000ec480000, 0x0000000100000000)
  eden space 21504K, 100% used [0x00000000eab00000,0x00000000ec000000,0x00000000ec000000)
  from space 1024K, 83% used [0x00000000ec300000,0x00000000ec3d6028,0x00000000ec400000)
  to   space 512K, 0% used [0x00000000ec400000,0x00000000ec400000,0x00000000ec480000)
 ParOldGen       total 68608K, used 36060K [0x00000000c0000000, 0x00000000c4300000, 0x00000000eab00000)
  object space 68608K, 52% used [0x00000000c0000000,0x00000000c23370a0,0x00000000c4300000)
 Metaspace       used 62569K, committed 63680K, reserved 1114112K
  class space    used 6680K, committed 7168K, reserved 1048576K
}
Event: 28.428 GC heap after
{Heap after GC invocations=33 (full 3):
 PSYoungGen      total 22016K, used 505K [0x00000000eab00000, 0x00000000ec480000, 0x0000000100000000)
  eden space 21504K, 0% used [0x00000000eab00000,0x00000000eab00000,0x00000000ec000000)
  from space 512K, 98% used [0x00000000ec400000,0x00000000ec47e490,0x00000000ec480000)
  to   space 2048K, 0% used [0x00000000ec080000,0x00000000ec080000,0x00000000ec280000)
 ParOldGen       total 68608K, used 37323K [0x00000000c0000000, 0x00000000c4300000, 0x00000000eab00000)
  object space 68608K, 54% used [0x00000000c0000000,0x00000000c2472f00,0x00000000c4300000)
 Metaspace       used 62569K, committed 63680K, reserved 1114112K
  class space    used 6680K, committed 7168K, reserved 1048576K
}
Event: 28.805 GC heap before
{Heap before GC invocations=34 (full 3):
 PSYoungGen      total 22016K, used 22009K [0x00000000eab00000, 0x00000000ec480000, 0x0000000100000000)
  eden space 21504K, 100% used [0x00000000eab00000,0x00000000ec000000,0x00000000ec000000)
  from space 512K, 98% used [0x00000000ec400000,0x00000000ec47e490,0x00000000ec480000)
  to   space 2048K, 0% used [0x00000000ec080000,0x00000000ec080000,0x00000000ec280000)
 ParOldGen       total 68608K, used 37323K [0x00000000c0000000, 0x00000000c4300000, 0x00000000eab00000)
  object space 68608K, 54% used [0x00000000c0000000,0x00000000c2472f00,0x00000000c4300000)
 Metaspace       used 63802K, committed 64960K, reserved 1114112K
  class space    used 6840K, committed 7360K, reserved 1048576K
}
Event: 28.813 GC heap after
{Heap after GC invocations=34 (full 3):
 PSYoungGen      total 23552K, used 1456K [0x00000000eab00000, 0x00000000ec480000, 0x0000000100000000)
  eden space 21504K, 0% used [0x00000000eab00000,0x00000000eab00000,0x00000000ec000000)
  from space 2048K, 71% used [0x00000000ec080000,0x00000000ec1ec030,0x00000000ec280000)
  to   space 2048K, 0% used [0x00000000ec280000,0x00000000ec280000,0x00000000ec480000)
 ParOldGen       total 68608K, used 39133K [0x00000000c0000000, 0x00000000c4300000, 0x00000000eab00000)
  object space 68608K, 57% used [0x00000000c0000000,0x00000000c2637550,0x00000000c4300000)
 Metaspace       used 63802K, committed 64960K, reserved 1114112K
  class space    used 6840K, committed 7360K, reserved 1048576K
}
Event: 29.000 GC heap before
{Heap before GC invocations=35 (full 3):
 PSYoungGen      total 23552K, used 17442K [0x00000000eab00000, 0x00000000ec480000, 0x0000000100000000)
  eden space 21504K, 74% used [0x00000000eab00000,0x00000000eba9c898,0x00000000ec000000)
  from space 2048K, 71% used [0x00000000ec080000,0x00000000ec1ec030,0x00000000ec280000)
  to   space 2048K, 0% used [0x00000000ec280000,0x00000000ec280000,0x00000000ec480000)
 ParOldGen       total 68608K, used 39133K [0x00000000c0000000, 0x00000000c4300000, 0x00000000eab00000)
  object space 68608K, 57% used [0x00000000c0000000,0x00000000c2637550,0x00000000c4300000)
 Metaspace       used 64477K, committed 65664K, reserved 1114112K
  class space    used 6915K, committed 7424K, reserved 1048576K
}
Event: 29.006 GC heap after
{Heap after GC invocations=35 (full 3):
 PSYoungGen      total 23552K, used 1868K [0x00000000eab00000, 0x00000000ec480000, 0x0000000100000000)
  eden space 21504K, 0% used [0x00000000eab00000,0x00000000eab00000,0x00000000ec000000)
  from space 2048K, 91% used [0x00000000ec280000,0x00000000ec4533e0,0x00000000ec480000)
  to   space 2048K, 0% used [0x00000000ec080000,0x00000000ec080000,0x00000000ec280000)
 ParOldGen       total 68608K, used 44197K [0x00000000c0000000, 0x00000000c4300000, 0x00000000eab00000)
  object space 68608K, 64% used [0x00000000c0000000,0x00000000c2b296d8,0x00000000c4300000)
 Metaspace       used 64477K, committed 65664K, reserved 1114112K
  class space    used 6915K, committed 7424K, reserved 1048576K
}
Event: 29.156 GC heap before
{Heap before GC invocations=36 (full 3):
 PSYoungGen      total 23552K, used 23372K [0x00000000eab00000, 0x00000000ec480000, 0x0000000100000000)
  eden space 21504K, 100% used [0x00000000eab00000,0x00000000ec000000,0x00000000ec000000)
  from space 2048K, 91% used [0x00000000ec280000,0x00000000ec4533e0,0x00000000ec480000)
  to   space 2048K, 0% used [0x00000000ec080000,0x00000000ec080000,0x00000000ec280000)
 ParOldGen       total 68608K, used 59517K [0x00000000c0000000, 0x00000000c4300000, 0x00000000eab00000)
  object space 68608K, 86% used [0x00000000c0000000,0x00000000c3a1f6e8,0x00000000c4300000)
 Metaspace       used 64634K, committed 65792K, reserved 1114112K
  class space    used 6932K, committed 7424K, reserved 1048576K
}
Event: 29.172 GC heap after
{Heap after GC invocations=36 (full 3):
 PSYoungGen      total 22016K, used 464K [0x00000000eab00000, 0x00000000ec300000, 0x0000000100000000)
  eden space 21504K, 0% used [0x00000000eab00000,0x00000000eab00000,0x00000000ec000000)
  from space 512K, 90% used [0x00000000ec080000,0x00000000ec0f40e0,0x00000000ec100000)
  to   space 1024K, 0% used [0x00000000ec200000,0x00000000ec200000,0x00000000ec300000)
 ParOldGen       total 79872K, used 72246K [0x00000000c0000000, 0x00000000c4e00000, 0x00000000eab00000)
  object space 79872K, 90% used [0x00000000c0000000,0x00000000c468d838,0x00000000c4e00000)
 Metaspace       used 64634K, committed 65792K, reserved 1114112K
  class space    used 6932K, committed 7424K, reserved 1048576K
}
Event: 29.172 GC heap before
{Heap before GC invocations=37 (full 4):
 PSYoungGen      total 22016K, used 464K [0x00000000eab00000, 0x00000000ec300000, 0x0000000100000000)
  eden space 21504K, 0% used [0x00000000eab00000,0x00000000eab00000,0x00000000ec000000)
  from space 512K, 90% used [0x00000000ec080000,0x00000000ec0f40e0,0x00000000ec100000)
  to   space 1024K, 0% used [0x00000000ec200000,0x00000000ec200000,0x00000000ec300000)
 ParOldGen       total 79872K, used 72246K [0x00000000c0000000, 0x00000000c4e00000, 0x00000000eab00000)
  object space 79872K, 90% used [0x00000000c0000000,0x00000000c468d838,0x00000000c4e00000)
 Metaspace       used 64634K, committed 65792K, reserved 1114112K
  class space    used 6932K, committed 7424K, reserved 1048576K
}
Event: 29.259 GC heap after
{Heap after GC invocations=37 (full 4):
 PSYoungGen      total 22016K, used 0K [0x00000000eab00000, 0x00000000ec280000, 0x0000000100000000)
  eden space 21504K, 0% used [0x00000000eab00000,0x00000000eab00000,0x00000000ec000000)
  from space 512K, 0% used [0x00000000ec200000,0x00000000ec200000,0x00000000ec280000)
  to   space 1024K, 0% used [0x00000000ec080000,0x00000000ec080000,0x00000000ec180000)
 ParOldGen       total 92672K, used 53037K [0x00000000c0000000, 0x00000000c5a80000, 0x00000000eab00000)
  object space 92672K, 57% used [0x00000000c0000000,0x00000000c33cb690,0x00000000c5a80000)
 Metaspace       used 64632K, committed 65792K, reserved 1114112K
  class space    used 6931K, committed 7424K, reserved 1048576K
}
Event: 29.356 GC heap before
{Heap before GC invocations=38 (full 4):
 PSYoungGen      total 22016K, used 21504K [0x00000000eab00000, 0x00000000ec280000, 0x0000000100000000)
  eden space 21504K, 100% used [0x00000000eab00000,0x00000000ec000000,0x00000000ec000000)
  from space 512K, 0% used [0x00000000ec200000,0x00000000ec200000,0x00000000ec280000)
  to   space 1024K, 0% used [0x00000000ec080000,0x00000000ec080000,0x00000000ec180000)
 ParOldGen       total 92672K, used 53037K [0x00000000c0000000, 0x00000000c5a80000, 0x00000000eab00000)
  object space 92672K, 57% used [0x00000000c0000000,0x00000000c33cb690,0x00000000c5a80000)
 Metaspace       used 64816K, committed 65984K, reserved 1114112K
  class space    used 6939K, committed 7424K, reserved 1048576K
}
Event: 29.364 GC heap after
{Heap after GC invocations=38 (full 4):
 PSYoungGen      total 22528K, used 1024K [0x00000000eab00000, 0x00000000ee800000, 0x0000000100000000)
  eden space 21504K, 0% used [0x00000000eab00000,0x00000000eab00000,0x00000000ec000000)
  from space 1024K, 100% used [0x00000000ec080000,0x00000000ec180000,0x00000000ec180000)
  to   space 20480K, 0% used [0x00000000ed400000,0x00000000ed400000,0x00000000ee800000)
 ParOldGen       total 92672K, used 69375K [0x00000000c0000000, 0x00000000c5a80000, 0x00000000eab00000)
  object space 92672K, 74% used [0x00000000c0000000,0x00000000c43bfc30,0x00000000c5a80000)
 Metaspace       used 64816K, committed 65984K, reserved 1114112K
  class space    used 6939K, committed 7424K, reserved 1048576K
}
Event: 29.474 GC heap before
{Heap before GC invocations=39 (full 4):
 PSYoungGen      total 22528K, used 22528K [0x00000000eab00000, 0x00000000ee800000, 0x0000000100000000)
  eden space 21504K, 100% used [0x00000000eab00000,0x00000000ec000000,0x00000000ec000000)
  from space 1024K, 100% used [0x00000000ec080000,0x00000000ec180000,0x00000000ec180000)
  to   space 20480K, 0% used [0x00000000ed400000,0x00000000ed400000,0x00000000ee800000)
 ParOldGen       total 92672K, used 69375K [0x00000000c0000000, 0x00000000c5a80000, 0x00000000eab00000)
  object space 92672K, 74% used [0x00000000c0000000,0x00000000c43bfc30,0x00000000c5a80000)
 Metaspace       used 65004K, committed 66176K, reserved 1114112K
  class space    used 6958K, committed 7488K, reserved 1048576K
}
Event: 29.491 GC heap after
{Heap after GC invocations=39 (full 4):
 PSYoungGen      total 35840K, used 14034K [0x00000000eab00000, 0x00000000ee200000, 0x0000000100000000)
  eden space 21504K, 0% used [0x00000000eab00000,0x00000000eab00000,0x00000000ec000000)
  from space 14336K, 97% used [0x00000000ed400000,0x00000000ee1b4b10,0x00000000ee200000)
  to   space 15360K, 0% used [0x00000000ec400000,0x00000000ec400000,0x00000000ed300000)
 ParOldGen       total 92672K, used 70418K [0x00000000c0000000, 0x00000000c5a80000, 0x00000000eab00000)
  object space 92672K, 75% used [0x00000000c0000000,0x00000000c44c4800,0x00000000c5a80000)
 Metaspace       used 65004K, committed 66176K, reserved 1114112K
  class space    used 6958K, committed 7488K, reserved 1048576K
}
Event: 29.557 GC heap before
{Heap before GC invocations=40 (full 4):
 PSYoungGen      total 35840K, used 35538K [0x00000000eab00000, 0x00000000ee200000, 0x0000000100000000)
  eden space 21504K, 100% used [0x00000000eab00000,0x00000000ec000000,0x00000000ec000000)
  from space 14336K, 97% used [0x00000000ed400000,0x00000000ee1b4b10,0x00000000ee200000)
  to   space 15360K, 0% used [0x00000000ec400000,0x00000000ec400000,0x00000000ed300000)
 ParOldGen       total 92672K, used 70418K [0x00000000c0000000, 0x00000000c5a80000, 0x00000000eab00000)
  object space 92672K, 75% used [0x00000000c0000000,0x00000000c44c4800,0x00000000c5a80000)
 Metaspace       used 65111K, committed 66240K, reserved 1114112K
  class space    used 6975K, committed 7488K, reserved 1048576K
}
Event: 29.581 GC heap after
{Heap after GC invocations=40 (full 4):
 PSYoungGen      total 36864K, used 15328K [0x00000000eab00000, 0x00000000eff00000, 0x0000000100000000)
  eden space 21504K, 0% used [0x00000000eab00000,0x00000000eab00000,0x00000000ec000000)
  from space 15360K, 99% used [0x00000000ec400000,0x00000000ed2f8010,0x00000000ed300000)
  to   space 32256K, 0% used [0x00000000edf80000,0x00000000edf80000,0x00000000eff00000)
 ParOldGen       total 92672K, used 84418K [0x00000000c0000000, 0x00000000c5a80000, 0x00000000eab00000)
  object space 92672K, 91% used [0x00000000c0000000,0x00000000c52708c0,0x00000000c5a80000)
 Metaspace       used 65111K, committed 66240K, reserved 1114112K
  class space    used 6975K, committed 7488K, reserved 1048576K
}
Event: 29.581 GC heap before
{Heap before GC invocations=41 (full 5):
 PSYoungGen      total 36864K, used 15328K [0x00000000eab00000, 0x00000000eff00000, 0x0000000100000000)
  eden space 21504K, 0% used [0x00000000eab00000,0x00000000eab00000,0x00000000ec000000)
  from space 15360K, 99% used [0x00000000ec400000,0x00000000ed2f8010,0x00000000ed300000)
  to   space 32256K, 0% used [0x00000000edf80000,0x00000000edf80000,0x00000000eff00000)
 ParOldGen       total 92672K, used 84418K [0x00000000c0000000, 0x00000000c5a80000, 0x00000000eab00000)
  object space 92672K, 91% used [0x00000000c0000000,0x00000000c52708c0,0x00000000c5a80000)
 Metaspace       used 65111K, committed 66240K, reserved 1114112K
  class space    used 6975K, committed 7488K, reserved 1048576K
}

