# JRE version: OpenJDK Runtime Environment Temurin-17.0.10+7 (17.0.10+7) (build 17.0.10+7)
# Java VM: OpenJDK 64-Bit Server VM Temurin-17.0.10+7 (17.0.10+7, mixed mode, tiered, compressed oops, compressed class ptrs, parallel gc, windows-amd64)
GC Precious Log:
 CPUs: 8 total, 8 available
 Memory: 7103M
 Large Page Support: Disabled
 NUMA Support: Disabled
 Compressed Oops: Enabled (32-bit)
 Alignments: Space 512K, Generation 512K, Heap 2M
 Heap Min Capacity: 100M
 Heap Initial Capacity: 100M
 Heap Max Capacity: 1G
 Pre-touch: Disabled
 Parallel Workers: 8
Heap:
 PSYoungGen      total 9216K, used 5360K [0x00000000eab00000, 0x00000000eb980000, 0x0000000100000000)
  eden space 8192K, 53% used [0x00000000eab00000,0x00000000eaf40300,0x00000000eb300000)
  from space 1024K, 98% used [0x00000000eb880000,0x00000000eb97c050,0x00000000eb980000)
  to   space 3072K, 0% used [0x00000000eb380000,0x00000000eb380000,0x00000000eb680000)
 ParOldGen       total 427520K, used 423344K [0x00000000c0000000, 0x00000000da180000, 0x00000000eab00000)
  object space 427520K, 99% used [0x00000000c0000000,0x00000000d9d6c058,0x00000000da180000)
 Metaspace       used 79121K, committed 80384K, reserved 1179648K
  class space    used 8445K, committed 9024K, reserved 1048576K
GC Heap History (20 events):
Event: 78.170 GC heap before
{Heap before GC invocations=159 (full 10):
 PSYoungGen      total 9728K, used 9716K [0x00000000eab00000, 0x00000000ebc00000, 0x0000000100000000)
  eden space 8192K, 100% used [0x00000000eab00000,0x00000000eb300000,0x00000000eb300000)
  from space 1536K, 99% used [0x00000000eb700000,0x00000000eb87d320,0x00000000eb880000)
  to   space 4096K, 0% used [0x00000000eb300000,0x00000000eb300000,0x00000000eb700000)
 ParOldGen       total 427520K, used 415905K [0x00000000c0000000, 0x00000000da180000, 0x00000000eab00000)
  object space 427520K, 97% used [0x00000000c0000000,0x00000000d9628450,0x00000000da180000)
 Metaspace       used 78642K, committed 79872K, reserved 1179648K
  class space    used 8436K, committed 8960K, reserved 1048576K
}
Event: 78.176 GC heap after
{Heap after GC invocations=159 (full 10):
 PSYoungGen      total 12288K, used 4086K [0x00000000eab00000, 0x00000000ebd00000, 0x0000000100000000)
  eden space 8192K, 0% used [0x00000000eab00000,0x00000000eab00000,0x00000000eb300000)
  from space 4096K, 99% used [0x00000000eb300000,0x00000000eb6fd930,0x00000000eb700000)
  to   space 5120K, 0% used [0x00000000eb800000,0x00000000eb800000,0x00000000ebd00000)
 ParOldGen       total 427520K, used 416209K [0x00000000c0000000, 0x00000000da180000, 0x00000000eab00000)
  object space 427520K, 97% used [0x00000000c0000000,0x00000000d9674450,0x00000000da180000)
 Metaspace       used 78642K, committed 79872K, reserved 1179648K
  class space    used 8436K, committed 8960K, reserved 1048576K
}
Event: 78.549 GC heap before
{Heap before GC invocations=160 (full 10):
 PSYoungGen      total 12288K, used 12278K [0x00000000eab00000, 0x00000000ebd00000, 0x0000000100000000)
  eden space 8192K, 100% used [0x00000000eab00000,0x00000000eb300000,0x00000000eb300000)
  from space 4096K, 99% used [0x00000000eb300000,0x00000000eb6fd930,0x00000000eb700000)
  to   space 5120K, 0% used [0x00000000eb800000,0x00000000eb800000,0x00000000ebd00000)
 ParOldGen       total 427520K, used 416209K [0x00000000c0000000, 0x00000000da180000, 0x00000000eab00000)
  object space 427520K, 97% used [0x00000000c0000000,0x00000000d9674450,0x00000000da180000)
 Metaspace       used 78693K, committed 79872K, reserved 1179648K
  class space    used 8436K, committed 8960K, reserved 1048576K
}
Event: 78.554 GC heap after
{Heap after GC invocations=160 (full 10):
 PSYoungGen      total 10240K, used 1808K [0x00000000eab00000, 0x00000000eba00000, 0x0000000100000000)
  eden space 8192K, 0% used [0x00000000eab00000,0x00000000eab00000,0x00000000eb300000)
  from space 2048K, 88% used [0x00000000eb800000,0x00000000eb9c4070,0x00000000eba00000)
  to   space 3072K, 0% used [0x00000000eb400000,0x00000000eb400000,0x00000000eb700000)
 ParOldGen       total 427520K, used 416399K [0x00000000c0000000, 0x00000000da180000, 0x00000000eab00000)
  object space 427520K, 97% used [0x00000000c0000000,0x00000000d96a3ea0,0x00000000da180000)
 Metaspace       used 78693K, committed 79872K, reserved 1179648K
  class space    used 8436K, committed 8960K, reserved 1048576K
}
Event: 79.679 GC heap before
{Heap before GC invocations=161 (full 10):
 PSYoungGen      total 10240K, used 10000K [0x00000000eab00000, 0x00000000eba00000, 0x0000000100000000)
  eden space 8192K, 99% used [0x00000000eab00000,0x00000000eb2fffe0,0x00000000eb300000)
  from space 2048K, 88% used [0x00000000eb800000,0x00000000eb9c4070,0x00000000eba00000)
  to   space 3072K, 0% used [0x00000000eb400000,0x00000000eb400000,0x00000000eb700000)
 ParOldGen       total 427520K, used 416399K [0x00000000c0000000, 0x00000000da180000, 0x00000000eab00000)
  object space 427520K, 97% used [0x00000000c0000000,0x00000000d96a3ea0,0x00000000da180000)
 Metaspace       used 78780K, committed 80000K, reserved 1179648K
  class space    used 8438K, committed 9024K, reserved 1048576K
}
Event: 79.686 GC heap after
{Heap after GC invocations=161 (full 10):
 PSYoungGen      total 10240K, used 1888K [0x00000000eab00000, 0x00000000eb880000, 0x0000000100000000)
  eden space 8192K, 0% used [0x00000000eab00000,0x00000000eab00000,0x00000000eb300000)
  from space 2048K, 92% used [0x00000000eb400000,0x00000000eb5d8080,0x00000000eb600000)
  to   space 2048K, 0% used [0x00000000eb680000,0x00000000eb680000,0x00000000eb880000)
 ParOldGen       total 427520K, used 416407K [0x00000000c0000000, 0x00000000da180000, 0x00000000eab00000)
  object space 427520K, 97% used [0x00000000c0000000,0x00000000d96a5ea0,0x00000000da180000)
 Metaspace       used 78780K, committed 80000K, reserved 1179648K
  class space    used 8438K, committed 9024K, reserved 1048576K
}
Event: 89.164 GC heap before
{Heap before GC invocations=162 (full 10):
 PSYoungGen      total 10240K, used 10080K [0x00000000eab00000, 0x00000000eb880000, 0x0000000100000000)
  eden space 8192K, 99% used [0x00000000eab00000,0x00000000eb2fff88,0x00000000eb300000)
  from space 2048K, 92% used [0x00000000eb400000,0x00000000eb5d8080,0x00000000eb600000)
  to   space 2048K, 0% used [0x00000000eb680000,0x00000000eb680000,0x00000000eb880000)
 ParOldGen       total 427520K, used 416407K [0x00000000c0000000, 0x00000000da180000, 0x00000000eab00000)
  object space 427520K, 97% used [0x00000000c0000000,0x00000000d96a5ea0,0x00000000da180000)
 Metaspace       used 78826K, committed 80128K, reserved 1179648K
  class space    used 8438K, committed 9024K, reserved 1048576K
}
Event: 89.171 GC heap after
{Heap after GC invocations=162 (full 10):
 PSYoungGen      total 10240K, used 2032K [0x00000000eab00000, 0x00000000eb880000, 0x0000000100000000)
  eden space 8192K, 0% used [0x00000000eab00000,0x00000000eab00000,0x00000000eb300000)
  from space 2048K, 99% used [0x00000000eb680000,0x00000000eb87c090,0x00000000eb880000)
  to   space 2560K, 0% used [0x00000000eb380000,0x00000000eb380000,0x00000000eb600000)
 ParOldGen       total 427520K, used 416567K [0x00000000c0000000, 0x00000000da180000, 0x00000000eab00000)
  object space 427520K, 97% used [0x00000000c0000000,0x00000000d96cdea0,0x00000000da180000)
 Metaspace       used 78826K, committed 80128K, reserved 1179648K
  class space    used 8438K, committed 9024K, reserved 1048576K
}
Event: 89.721 GC heap before
{Heap before GC invocations=163 (full 10):
 PSYoungGen      total 10240K, used 10224K [0x00000000eab00000, 0x00000000eb880000, 0x0000000100000000)
  eden space 8192K, 100% used [0x00000000eab00000,0x00000000eb300000,0x00000000eb300000)
  from space 2048K, 99% used [0x00000000eb680000,0x00000000eb87c090,0x00000000eb880000)
  to   space 2560K, 0% used [0x00000000eb380000,0x00000000eb380000,0x00000000eb600000)
 ParOldGen       total 427520K, used 416567K [0x00000000c0000000, 0x00000000da180000, 0x00000000eab00000)
  object space 427520K, 97% used [0x00000000c0000000,0x00000000d96cdea0,0x00000000da180000)
 Metaspace       used 78861K, committed 80192K, reserved 1179648K
  class space    used 8438K, committed 9024K, reserved 1048576K
}
Event: 89.726 GC heap after
{Heap after GC invocations=163 (full 10):
 PSYoungGen      total 10752K, used 2532K [0x00000000eab00000, 0x00000000ec300000, 0x0000000100000000)
  eden space 8192K, 0% used [0x00000000eab00000,0x00000000eab00000,0x00000000eb300000)
  from space 2560K, 98% used [0x00000000eb380000,0x00000000eb5f9360,0x00000000eb600000)
  to   space 8192K, 0% used [0x00000000ebb00000,0x00000000ebb00000,0x00000000ec300000)
 ParOldGen       total 427520K, used 421060K [0x00000000c0000000, 0x00000000da180000, 0x00000000eab00000)
  object space 427520K, 98% used [0x00000000c0000000,0x00000000d9b31170,0x00000000da180000)
 Metaspace       used 78861K, committed 80192K, reserved 1179648K
  class space    used 8438K, committed 9024K, reserved 1048576K
}
Event: 89.838 GC heap before
{Heap before GC invocations=164 (full 10):
 PSYoungGen      total 10752K, used 10724K [0x00000000eab00000, 0x00000000ec300000, 0x0000000100000000)
  eden space 8192K, 100% used [0x00000000eab00000,0x00000000eb300000,0x00000000eb300000)
  from space 2560K, 98% used [0x00000000eb380000,0x00000000eb5f9360,0x00000000eb600000)
  to   space 8192K, 0% used [0x00000000ebb00000,0x00000000ebb00000,0x00000000ec300000)
 ParOldGen       total 427520K, used 421060K [0x00000000c0000000, 0x00000000da180000, 0x00000000eab00000)
  object space 427520K, 98% used [0x00000000c0000000,0x00000000d9b31170,0x00000000da180000)
 Metaspace       used 78875K, committed 80192K, reserved 1179648K
  class space    used 8438K, committed 9024K, reserved 1048576K
}
Event: 89.844 GC heap after
{Heap after GC invocations=164 (full 10):
 PSYoungGen      total 9728K, used 1504K [0x00000000eab00000, 0x00000000ebc80000, 0x0000000100000000)
  eden space 8192K, 0% used [0x00000000eab00000,0x00000000eab00000,0x00000000eb300000)
  from space 1536K, 97% used [0x00000000ebb00000,0x00000000ebc78040,0x00000000ebc80000)
  to   space 3584K, 0% used [0x00000000eb580000,0x00000000eb580000,0x00000000eb900000)
 ParOldGen       total 427520K, used 421622K [0x00000000c0000000, 0x00000000da180000, 0x00000000eab00000)
  object space 427520K, 98% used [0x00000000c0000000,0x00000000d9bbdaf0,0x00000000da180000)
 Metaspace       used 78875K, committed 80192K, reserved 1179648K
  class space    used 8438K, committed 9024K, reserved 1048576K
}
Event: 90.197 GC heap before
{Heap before GC invocations=165 (full 10):
 PSYoungGen      total 9728K, used 9696K [0x00000000eab00000, 0x00000000ebc80000, 0x0000000100000000)
  eden space 8192K, 100% used [0x00000000eab00000,0x00000000eb300000,0x00000000eb300000)
  from space 1536K, 97% used [0x00000000ebb00000,0x00000000ebc78040,0x00000000ebc80000)
  to   space 3584K, 0% used [0x00000000eb580000,0x00000000eb580000,0x00000000eb900000)
 ParOldGen       total 427520K, used 421622K [0x00000000c0000000, 0x00000000da180000, 0x00000000eab00000)
  object space 427520K, 98% used [0x00000000c0000000,0x00000000d9bbdaf0,0x00000000da180000)
 Metaspace       used 78908K, committed 80256K, reserved 1179648K
  class space    used 8438K, committed 9024K, reserved 1048576K
}
Event: 90.201 GC heap after
{Heap after GC invocations=165 (full 10):
 PSYoungGen      total 11776K, used 2176K [0x00000000eab00000, 0x00000000ebb80000, 0x0000000100000000)
  eden space 8192K, 0% used [0x00000000eab00000,0x00000000eab00000,0x00000000eb300000)
  from space 3584K, 60% used [0x00000000eb580000,0x00000000eb7a0080,0x00000000eb900000)
  to   space 2560K, 0% used [0x00000000eb900000,0x00000000eb900000,0x00000000ebb80000)
 ParOldGen       total 427520K, used 421622K [0x00000000c0000000, 0x00000000da180000, 0x00000000eab00000)
  object space 427520K, 98% used [0x00000000c0000000,0x00000000d9bbdaf0,0x00000000da180000)
 Metaspace       used 78908K, committed 80256K, reserved 1179648K
  class space    used 8438K, committed 9024K, reserved 1048576K
}
Event: 107.423 GC heap before
{Heap before GC invocations=166 (full 10):
 PSYoungGen      total 11776K, used 10368K [0x00000000eab00000, 0x00000000ebb80000, 0x0000000100000000)
  eden space 8192K, 100% used [0x00000000eab00000,0x00000000eb300000,0x00000000eb300000)
  from space 3584K, 60% used [0x00000000eb580000,0x00000000eb7a0080,0x00000000eb900000)
  to   space 2560K, 0% used [0x00000000eb900000,0x00000000eb900000,0x00000000ebb80000)
 ParOldGen       total 427520K, used 421622K [0x00000000c0000000, 0x00000000da180000, 0x00000000eab00000)
  object space 427520K, 98% used [0x00000000c0000000,0x00000000d9bbdaf0,0x00000000da180000)
 Metaspace       used 78960K, committed 80256K, reserved 1179648K
  class space    used 8438K, committed 9024K, reserved 1048576K
}
Event: 107.429 GC heap after
{Heap after GC invocations=166 (full 10):
 PSYoungGen      total 10240K, used 1920K [0x00000000eab00000, 0x00000000ebb00000, 0x0000000100000000)
  eden space 8192K, 0% used [0x00000000eab00000,0x00000000eab00000,0x00000000eb300000)
  from space 2048K, 93% used [0x00000000eb900000,0x00000000ebae0060,0x00000000ebb00000)
  to   space 2048K, 0% used [0x00000000eb700000,0x00000000eb700000,0x00000000eb900000)
 ParOldGen       total 427520K, used 421622K [0x00000000c0000000, 0x00000000da180000, 0x00000000eab00000)
  object space 427520K, 98% used [0x00000000c0000000,0x00000000d9bbdaf0,0x00000000da180000)
 Metaspace       used 78960K, committed 80256K, reserved 1179648K
  class space    used 8438K, committed 9024K, reserved 1048576K
}
Event: 113.811 GC heap before
{Heap before GC invocations=167 (full 10):
 PSYoungGen      total 10240K, used 10112K [0x00000000eab00000, 0x00000000ebb00000, 0x0000000100000000)
  eden space 8192K, 100% used [0x00000000eab00000,0x00000000eb300000,0x00000000eb300000)
  from space 2048K, 93% used [0x00000000eb900000,0x00000000ebae0060,0x00000000ebb00000)
  to   space 2048K, 0% used [0x00000000eb700000,0x00000000eb700000,0x00000000eb900000)
 ParOldGen       total 427520K, used 421622K [0x00000000c0000000, 0x00000000da180000, 0x00000000eab00000)
  object space 427520K, 98% used [0x00000000c0000000,0x00000000d9bbdaf0,0x00000000da180000)
 Metaspace       used 79039K, committed 80320K, reserved 1179648K
  class space    used 8445K, committed 9024K, reserved 1048576K
}
Event: 113.817 GC heap after
{Heap after GC invocations=167 (full 10):
 PSYoungGen      total 9728K, used 1424K [0x00000000eab00000, 0x00000000eb980000, 0x0000000100000000)
  eden space 8192K, 0% used [0x00000000eab00000,0x00000000eab00000,0x00000000eb300000)
  from space 1536K, 92% used [0x00000000eb700000,0x00000000eb864050,0x00000000eb880000)
  to   space 1024K, 0% used [0x00000000eb880000,0x00000000eb880000,0x00000000eb980000)
 ParOldGen       total 427520K, used 421630K [0x00000000c0000000, 0x00000000da180000, 0x00000000eab00000)
  object space 427520K, 98% used [0x00000000c0000000,0x00000000d9bbfaf0,0x00000000da180000)
 Metaspace       used 79039K, committed 80320K, reserved 1179648K
  class space    used 8445K, committed 9024K, reserved 1048576K
}
Event: 116.238 GC heap before
{Heap before GC invocations=168 (full 10):
 PSYoungGen      total 9728K, used 9616K [0x00000000eab00000, 0x00000000eb980000, 0x0000000100000000)
  eden space 8192K, 100% used [0x00000000eab00000,0x00000000eb300000,0x00000000eb300000)
  from space 1536K, 92% used [0x00000000eb700000,0x00000000eb864050,0x00000000eb880000)
  to   space 1024K, 0% used [0x00000000eb880000,0x00000000eb880000,0x00000000eb980000)
 ParOldGen       total 427520K, used 421630K [0x00000000c0000000, 0x00000000da180000, 0x00000000eab00000)
  object space 427520K, 98% used [0x00000000c0000000,0x00000000d9bbfaf0,0x00000000da180000)
 Metaspace       used 79113K, committed 80384K, reserved 1179648K
  class space    used 8445K, committed 9024K, reserved 1048576K
}
Event: 116.242 GC heap after
{Heap after GC invocations=168 (full 10):
 PSYoungGen      total 9216K, used 1008K [0x00000000eab00000, 0x00000000eb980000, 0x0000000100000000)
  eden space 8192K, 0% used [0x00000000eab00000,0x00000000eab00000,0x00000000eb300000)
  from space 1024K, 98% used [0x00000000eb880000,0x00000000eb97c050,0x00000000eb980000)
  to   space 3072K, 0% used [0x00000000eb380000,0x00000000eb380000,0x00000000eb680000)
 ParOldGen       total 427520K, used 423344K [0x00000000c0000000, 0x00000000da180000, 0x00000000eab00000)
  object space 427520K, 99% used [0x00000000c0000000,0x00000000d9d6c058,0x00000000da180000)
 Metaspace       used 79113K, committed 80384K, reserved 1179648K
  class space    used 8445K, committed 9024K, reserved 1048576K
}

