# JRE version: OpenJDK Runtime Environment Temurin-17.0.10+7 (17.0.10+7) (build 17.0.10+7)
# Java VM: OpenJDK 64-Bit Server VM Temurin-17.0.10+7 (17.0.10+7, mixed mode, tiered, compressed oops, compressed class ptrs, parallel gc, windows-amd64)
GC Precious Log:
 CPUs: 8 total, 8 available
 Memory: 7103M
 Large Page Support: Disabled
 NUMA Support: Disabled
 Compressed Oops: Enabled (32-bit)
 Alignments: Space 512K, Generation 512K, Heap 2M
 Heap Min Capacity: 100M
 Heap Initial Capacity: 100M
 Heap Max Capacity: 1G
 Pre-touch: Disabled
 Parallel Workers: 8
Heap:
 PSYoungGen      total 19968K, used 8421K [0x00000000eab00000, 0x00000000ec100000, 0x0000000100000000)
  eden space 19456K, 43% used [0x00000000eab00000,0x00000000eb339478,0x00000000ebe00000)
  from space 512K, 0% used [0x00000000ec080000,0x00000000ec080000,0x00000000ec100000)
  to   space 512K, 0% used [0x00000000ec000000,0x00000000ec000000,0x00000000ec080000)
 ParOldGen       total 68608K, used 36302K [0x00000000c0000000, 0x00000000c4300000, 0x00000000eab00000)
  object space 68608K, 52% used [0x00000000c0000000,0x00000000c23739c8,0x00000000c4300000)
 Metaspace       used 59582K, committed 60608K, reserved 1114112K
  class space    used 6412K, committed 6848K, reserved 1048576K
GC Heap History (20 events):
Event: 7.788 GC heap before
{Heap before GC invocations=24 (full 2):
 PSYoungGen      total 24064K, used 24032K [0x00000000eab00000, 0x00000000ec880000, 0x0000000100000000)
  eden space 22016K, 100% used [0x00000000eab00000,0x00000000ec080000,0x00000000ec080000)
  from space 2048K, 98% used [0x00000000ec080000,0x00000000ec278010,0x00000000ec280000)
  to   space 4096K, 0% used [0x00000000ec480000,0x00000000ec480000,0x00000000ec880000)
 ParOldGen       total 68608K, used 26164K [0x00000000c0000000, 0x00000000c4300000, 0x00000000eab00000)
  object space 68608K, 38% used [0x00000000c0000000,0x00000000c198d2d0,0x00000000c4300000)
 Metaspace       used 52710K, committed 53696K, reserved 1114112K
  class space    used 5699K, committed 6144K, reserved 1048576K
}
Event: 7.793 GC heap after
{Heap after GC invocations=24 (full 2):
 PSYoungGen      total 24576K, used 2080K [0x00000000eab00000, 0x00000000ec700000, 0x0000000100000000)
  eden space 22016K, 0% used [0x00000000eab00000,0x00000000eab00000,0x00000000ec080000)
  from space 2560K, 81% used [0x00000000ec480000,0x00000000ec688000,0x00000000ec700000)
  to   space 3072K, 0% used [0x00000000ec100000,0x00000000ec100000,0x00000000ec400000)
 ParOldGen       total 68608K, used 28081K [0x00000000c0000000, 0x00000000c4300000, 0x00000000eab00000)
  object space 68608K, 40% used [0x00000000c0000000,0x00000000c1b6c620,0x00000000c4300000)
 Metaspace       used 52710K, committed 53696K, reserved 1114112K
  class space    used 5699K, committed 6144K, reserved 1048576K
}
Event: 7.844 GC heap before
{Heap before GC invocations=25 (full 2):
 PSYoungGen      total 24576K, used 24096K [0x00000000eab00000, 0x00000000ec700000, 0x0000000100000000)
  eden space 22016K, 100% used [0x00000000eab00000,0x00000000ec080000,0x00000000ec080000)
  from space 2560K, 81% used [0x00000000ec480000,0x00000000ec688000,0x00000000ec700000)
  to   space 3072K, 0% used [0x00000000ec100000,0x00000000ec100000,0x00000000ec400000)
 ParOldGen       total 68608K, used 28081K [0x00000000c0000000, 0x00000000c4300000, 0x00000000eab00000)
  object space 68608K, 40% used [0x00000000c0000000,0x00000000c1b6c620,0x00000000c4300000)
 Metaspace       used 52710K, committed 53696K, reserved 1114112K
  class space    used 5699K, committed 6144K, reserved 1048576K
}
Event: 7.849 GC heap after
{Heap after GC invocations=25 (full 2):
 PSYoungGen      total 24576K, used 2304K [0x00000000eab00000, 0x00000000ec580000, 0x0000000100000000)
  eden space 22016K, 0% used [0x00000000eab00000,0x00000000eab00000,0x00000000ec080000)
  from space 2560K, 90% used [0x00000000ec100000,0x00000000ec340010,0x00000000ec380000)
  to   space 2048K, 0% used [0x00000000ec380000,0x00000000ec380000,0x00000000ec580000)
 ParOldGen       total 68608K, used 30057K [0x00000000c0000000, 0x00000000c4300000, 0x00000000eab00000)
  object space 68608K, 43% used [0x00000000c0000000,0x00000000c1d5a620,0x00000000c4300000)
 Metaspace       used 52710K, committed 53696K, reserved 1114112K
  class space    used 5699K, committed 6144K, reserved 1048576K
}
Event: 7.947 GC heap before
{Heap before GC invocations=26 (full 2):
 PSYoungGen      total 24576K, used 24320K [0x00000000eab00000, 0x00000000ec580000, 0x0000000100000000)
  eden space 22016K, 100% used [0x00000000eab00000,0x00000000ec080000,0x00000000ec080000)
  from space 2560K, 90% used [0x00000000ec100000,0x00000000ec340010,0x00000000ec380000)
  to   space 2048K, 0% used [0x00000000ec380000,0x00000000ec380000,0x00000000ec580000)
 ParOldGen       total 68608K, used 30057K [0x00000000c0000000, 0x00000000c4300000, 0x00000000eab00000)
  object space 68608K, 43% used [0x00000000c0000000,0x00000000c1d5a620,0x00000000c4300000)
 Metaspace       used 52767K, committed 53760K, reserved 1114112K
  class space    used 5703K, committed 6144K, reserved 1048576K
}
Event: 7.952 GC heap after
{Heap after GC invocations=26 (full 2):
 PSYoungGen      total 21504K, used 2018K [0x00000000eab00000, 0x00000000ecb80000, 0x0000000100000000)
  eden space 19456K, 0% used [0x00000000eab00000,0x00000000eab00000,0x00000000ebe00000)
  from space 2048K, 98% used [0x00000000ec380000,0x00000000ec578800,0x00000000ec580000)
  to   space 5632K, 0% used [0x00000000ebe00000,0x00000000ebe00000,0x00000000ec380000)
 ParOldGen       total 68608K, used 33073K [0x00000000c0000000, 0x00000000c4300000, 0x00000000eab00000)
  object space 68608K, 48% used [0x00000000c0000000,0x00000000c204c630,0x00000000c4300000)
 Metaspace       used 52767K, committed 53760K, reserved 1114112K
  class space    used 5703K, committed 6144K, reserved 1048576K
}
Event: 8.465 GC heap before
{Heap before GC invocations=27 (full 2):
 PSYoungGen      total 21504K, used 21474K [0x00000000eab00000, 0x00000000ecb80000, 0x0000000100000000)
  eden space 19456K, 100% used [0x00000000eab00000,0x00000000ebe00000,0x00000000ebe00000)
  from space 2048K, 98% used [0x00000000ec380000,0x00000000ec578800,0x00000000ec580000)
  to   space 5632K, 0% used [0x00000000ebe00000,0x00000000ebe00000,0x00000000ec380000)
 ParOldGen       total 68608K, used 33073K [0x00000000c0000000, 0x00000000c4300000, 0x00000000eab00000)
  object space 68608K, 48% used [0x00000000c0000000,0x00000000c204c630,0x00000000c4300000)
 Metaspace       used 54444K, committed 55488K, reserved 1114112K
  class space    used 5868K, committed 6336K, reserved 1048576K
}
Event: 8.471 GC heap after
{Heap after GC invocations=27 (full 2):
 PSYoungGen      total 21504K, used 1806K [0x00000000eab00000, 0x00000000ec400000, 0x0000000100000000)
  eden space 19456K, 0% used [0x00000000eab00000,0x00000000eab00000,0x00000000ebe00000)
  from space 2048K, 88% used [0x00000000ebe00000,0x00000000ebfc3830,0x00000000ec000000)
  to   space 3072K, 0% used [0x00000000ec100000,0x00000000ec100000,0x00000000ec400000)
 ParOldGen       total 68608K, used 35030K [0x00000000c0000000, 0x00000000c4300000, 0x00000000eab00000)
  object space 68608K, 51% used [0x00000000c0000000,0x00000000c2235988,0x00000000c4300000)
 Metaspace       used 54444K, committed 55488K, reserved 1114112K
  class space    used 5868K, committed 6336K, reserved 1048576K
}
Event: 8.970 GC heap before
{Heap before GC invocations=28 (full 2):
 PSYoungGen      total 21504K, used 21262K [0x00000000eab00000, 0x00000000ec400000, 0x0000000100000000)
  eden space 19456K, 100% used [0x00000000eab00000,0x00000000ebe00000,0x00000000ebe00000)
  from space 2048K, 88% used [0x00000000ebe00000,0x00000000ebfc3830,0x00000000ec000000)
  to   space 3072K, 0% used [0x00000000ec100000,0x00000000ec100000,0x00000000ec400000)
 ParOldGen       total 68608K, used 35030K [0x00000000c0000000, 0x00000000c4300000, 0x00000000eab00000)
  object space 68608K, 51% used [0x00000000c0000000,0x00000000c2235988,0x00000000c4300000)
 Metaspace       used 55595K, committed 56640K, reserved 1114112K
  class space    used 6021K, committed 6464K, reserved 1048576K
}
Event: 8.973 GC heap after
{Heap after GC invocations=28 (full 2):
 PSYoungGen      total 20480K, used 745K [0x00000000eab00000, 0x00000000ec200000, 0x0000000100000000)
  eden space 19456K, 0% used [0x00000000eab00000,0x00000000eab00000,0x00000000ebe00000)
  from space 1024K, 72% used [0x00000000ec100000,0x00000000ec1ba580,0x00000000ec200000)
  to   space 1536K, 0% used [0x00000000ebf00000,0x00000000ebf00000,0x00000000ec080000)
 ParOldGen       total 68608K, used 36687K [0x00000000c0000000, 0x00000000c4300000, 0x00000000eab00000)
  object space 68608K, 53% used [0x00000000c0000000,0x00000000c23d3de8,0x00000000c4300000)
 Metaspace       used 55595K, committed 56640K, reserved 1114112K
  class space    used 6021K, committed 6464K, reserved 1048576K
}
Event: 9.253 GC heap before
{Heap before GC invocations=29 (full 2):
 PSYoungGen      total 20480K, used 20201K [0x00000000eab00000, 0x00000000ec200000, 0x0000000100000000)
  eden space 19456K, 100% used [0x00000000eab00000,0x00000000ebe00000,0x00000000ebe00000)
  from space 1024K, 72% used [0x00000000ec100000,0x00000000ec1ba580,0x00000000ec200000)
  to   space 1536K, 0% used [0x00000000ebf00000,0x00000000ebf00000,0x00000000ec080000)
 ParOldGen       total 68608K, used 36687K [0x00000000c0000000, 0x00000000c4300000, 0x00000000eab00000)
  object space 68608K, 53% used [0x00000000c0000000,0x00000000c23d3de8,0x00000000c4300000)
 Metaspace       used 56805K, committed 57792K, reserved 1114112K
  class space    used 6131K, committed 6528K, reserved 1048576K
}
Event: 9.255 GC heap after
{Heap after GC invocations=29 (full 2):
 PSYoungGen      total 20992K, used 1284K [0x00000000eab00000, 0x00000000ec180000, 0x0000000100000000)
  eden space 19456K, 0% used [0x00000000eab00000,0x00000000eab00000,0x00000000ebe00000)
  from space 1536K, 83% used [0x00000000ebf00000,0x00000000ec0412f8,0x00000000ec080000)
  to   space 1024K, 0% used [0x00000000ec080000,0x00000000ec080000,0x00000000ec180000)
 ParOldGen       total 68608K, used 37251K [0x00000000c0000000, 0x00000000c4300000, 0x00000000eab00000)
  object space 68608K, 54% used [0x00000000c0000000,0x00000000c2460d88,0x00000000c4300000)
 Metaspace       used 56805K, committed 57792K, reserved 1114112K
  class space    used 6131K, committed 6528K, reserved 1048576K
}
Event: 9.324 GC heap before
{Heap before GC invocations=30 (full 2):
 PSYoungGen      total 20992K, used 20740K [0x00000000eab00000, 0x00000000ec180000, 0x0000000100000000)
  eden space 19456K, 100% used [0x00000000eab00000,0x00000000ebe00000,0x00000000ebe00000)
  from space 1536K, 83% used [0x00000000ebf00000,0x00000000ec0412f8,0x00000000ec080000)
  to   space 1024K, 0% used [0x00000000ec080000,0x00000000ec080000,0x00000000ec180000)
 ParOldGen       total 68608K, used 37251K [0x00000000c0000000, 0x00000000c4300000, 0x00000000eab00000)
  object space 68608K, 54% used [0x00000000c0000000,0x00000000c2460d88,0x00000000c4300000)
 Metaspace       used 56841K, committed 57856K, reserved 1114112K
  class space    used 6131K, committed 6528K, reserved 1048576K
}
Event: 9.325 GC heap after
{Heap after GC invocations=30 (full 2):
 PSYoungGen      total 20480K, used 666K [0x00000000eab00000, 0x00000000ec180000, 0x0000000100000000)
  eden space 19456K, 0% used [0x00000000eab00000,0x00000000eab00000,0x00000000ebe00000)
  from space 1024K, 65% used [0x00000000ec080000,0x00000000ec126a70,0x00000000ec180000)
  to   space 1024K, 0% used [0x00000000ebf80000,0x00000000ebf80000,0x00000000ec080000)
 ParOldGen       total 68608K, used 38193K [0x00000000c0000000, 0x00000000c4300000, 0x00000000eab00000)
  object space 68608K, 55% used [0x00000000c0000000,0x00000000c254c628,0x00000000c4300000)
 Metaspace       used 56841K, committed 57856K, reserved 1114112K
  class space    used 6131K, committed 6528K, reserved 1048576K
}
Event: 9.512 GC heap before
{Heap before GC invocations=31 (full 2):
 PSYoungGen      total 20480K, used 20122K [0x00000000eab00000, 0x00000000ec180000, 0x0000000100000000)
  eden space 19456K, 100% used [0x00000000eab00000,0x00000000ebe00000,0x00000000ebe00000)
  from space 1024K, 65% used [0x00000000ec080000,0x00000000ec126a70,0x00000000ec180000)
  to   space 1024K, 0% used [0x00000000ebf80000,0x00000000ebf80000,0x00000000ec080000)
 ParOldGen       total 68608K, used 38193K [0x00000000c0000000, 0x00000000c4300000, 0x00000000eab00000)
  object space 68608K, 55% used [0x00000000c0000000,0x00000000c254c628,0x00000000c4300000)
 Metaspace       used 58510K, committed 59584K, reserved 1114112K
  class space    used 6265K, committed 6720K, reserved 1048576K
}
Event: 9.513 GC heap after
{Heap after GC invocations=31 (full 2):
 PSYoungGen      total 20480K, used 320K [0x00000000eab00000, 0x00000000ec100000, 0x0000000100000000)
  eden space 19456K, 0% used [0x00000000eab00000,0x00000000eab00000,0x00000000ebe00000)
  from space 1024K, 31% used [0x00000000ebf80000,0x00000000ebfd0000,0x00000000ec080000)
  to   space 512K, 0% used [0x00000000ec080000,0x00000000ec080000,0x00000000ec100000)
 ParOldGen       total 68608K, used 38217K [0x00000000c0000000, 0x00000000c4300000, 0x00000000eab00000)
  object space 68608K, 55% used [0x00000000c0000000,0x00000000c2552628,0x00000000c4300000)
 Metaspace       used 58510K, committed 59584K, reserved 1114112K
  class space    used 6265K, committed 6720K, reserved 1048576K
}
Event: 9.594 GC heap before
{Heap before GC invocations=32 (full 2):
 PSYoungGen      total 20480K, used 3964K [0x00000000eab00000, 0x00000000ec100000, 0x0000000100000000)
  eden space 19456K, 18% used [0x00000000eab00000,0x00000000eae8f110,0x00000000ebe00000)
  from space 1024K, 31% used [0x00000000ebf80000,0x00000000ebfd0000,0x00000000ec080000)
  to   space 512K, 0% used [0x00000000ec080000,0x00000000ec080000,0x00000000ec100000)
 ParOldGen       total 68608K, used 38217K [0x00000000c0000000, 0x00000000c4300000, 0x00000000eab00000)
  object space 68608K, 55% used [0x00000000c0000000,0x00000000c2552628,0x00000000c4300000)
 Metaspace       used 58809K, committed 59776K, reserved 1114112K
  class space    used 6303K, committed 6720K, reserved 1048576K
}
Event: 9.596 GC heap after
{Heap after GC invocations=32 (full 2):
 PSYoungGen      total 19968K, used 416K [0x00000000eab00000, 0x00000000ec100000, 0x0000000100000000)
  eden space 19456K, 0% used [0x00000000eab00000,0x00000000eab00000,0x00000000ebe00000)
  from space 512K, 81% used [0x00000000ec080000,0x00000000ec0e8020,0x00000000ec100000)
  to   space 512K, 0% used [0x00000000ec000000,0x00000000ec000000,0x00000000ec080000)
 ParOldGen       total 68608K, used 38417K [0x00000000c0000000, 0x00000000c4300000, 0x00000000eab00000)
  object space 68608K, 55% used [0x00000000c0000000,0x00000000c2584638,0x00000000c4300000)
 Metaspace       used 58809K, committed 59776K, reserved 1114112K
  class space    used 6303K, committed 6720K, reserved 1048576K
}
Event: 9.596 GC heap before
{Heap before GC invocations=33 (full 3):
 PSYoungGen      total 19968K, used 416K [0x00000000eab00000, 0x00000000ec100000, 0x0000000100000000)
  eden space 19456K, 0% used [0x00000000eab00000,0x00000000eab00000,0x00000000ebe00000)
  from space 512K, 81% used [0x00000000ec080000,0x00000000ec0e8020,0x00000000ec100000)
  to   space 512K, 0% used [0x00000000ec000000,0x00000000ec000000,0x00000000ec080000)
 ParOldGen       total 68608K, used 38417K [0x00000000c0000000, 0x00000000c4300000, 0x00000000eab00000)
  object space 68608K, 55% used [0x00000000c0000000,0x00000000c2584638,0x00000000c4300000)
 Metaspace       used 58809K, committed 59776K, reserved 1114112K
  class space    used 6303K, committed 6720K, reserved 1048576K
}
Event: 9.686 GC heap after
{Heap after GC invocations=33 (full 3):
 PSYoungGen      total 19968K, used 0K [0x00000000eab00000, 0x00000000ec100000, 0x0000000100000000)
  eden space 19456K, 0% used [0x00000000eab00000,0x00000000eab00000,0x00000000ebe00000)
  from space 512K, 0% used [0x00000000ec080000,0x00000000ec080000,0x00000000ec100000)
  to   space 512K, 0% used [0x00000000ec000000,0x00000000ec000000,0x00000000ec080000)
 ParOldGen       total 68608K, used 36302K [0x00000000c0000000, 0x00000000c4300000, 0x00000000eab00000)
  object space 68608K, 52% used [0x00000000c0000000,0x00000000c23739c8,0x00000000c4300000)
 Metaspace       used 58809K, committed 59776K, reserved 1114112K
  class space    used 6303K, committed 6720K, reserved 1048576K
}

