# JRE version: OpenJDK Runtime Environment Temurin-17.0.10+7 (17.0.10+7) (build 17.0.10+7)
# Java VM: OpenJDK 64-Bit Server VM Temurin-17.0.10+7 (17.0.10+7, mixed mode, tiered, compressed oops, compressed class ptrs, parallel gc, windows-amd64)
GC Precious Log:
 CPUs: 8 total, 8 available
 Memory: 7103M
 Large Page Support: Disabled
 NUMA Support: Disabled
 Compressed Oops: Enabled (32-bit)
 Alignments: Space 512K, Generation 512K, Heap 2M
 Heap Min Capacity: 100M
 Heap Initial Capacity: 100M
 Heap Max Capacity: 1G
 Pre-touch: Disabled
 Parallel Workers: 8
Heap:
 PSYoungGen      total 2560K, used 2048K [0x00000000eab00000, 0x00000000eb400000, 0x0000000100000000)
  eden space 512K, 0% used [0x00000000eab00000,0x00000000eab00000,0x00000000eab80000)
  from space 2048K, 100% used [0x00000000eaf00000,0x00000000eb100000,0x00000000eb100000)
  to   space 3584K, 0% used [0x00000000eab80000,0x00000000eab80000,0x00000000eaf00000)
 ParOldGen       total 206336K, used 205881K [0x00000000c0000000, 0x00000000cc980000, 0x00000000eab00000)
  object space 206336K, 99% used [0x00000000c0000000,0x00000000cc90e700,0x00000000cc980000)
 Metaspace       used 93017K, committed 94272K, reserved 1179648K
  class space    used 9094K, committed 9664K, reserved 1048576K
GC Heap History (20 events):
Event: 232557.125 GC heap after
{Heap after GC invocations=12804 (full 284):
 PSYoungGen      total 2560K, used 32K [0x00000000eab00000, 0x00000000eae00000, 0x0000000100000000)
  eden space 2048K, 0% used [0x00000000eab00000,0x00000000eab00000,0x00000000ead00000)
  from space 512K, 6% used [0x00000000ead00000,0x00000000ead08000,0x00000000ead80000)
  to   space 512K, 0% used [0x00000000ead80000,0x00000000ead80000,0x00000000eae00000)
 ParOldGen       total 206336K, used 204303K [0x00000000c0000000, 0x00000000cc980000, 0x00000000eab00000)
  object space 206336K, 99% used [0x00000000c0000000,0x00000000cc783e68,0x00000000cc980000)
 Metaspace       used 92611K, committed 93952K, reserved 1179648K
  class space    used 9034K, committed 9664K, reserved 1048576K
}
Event: 232557.130 GC heap before
{Heap before GC invocations=12805 (full 284):
 PSYoungGen      total 2560K, used 2080K [0x00000000eab00000, 0x00000000eae00000, 0x0000000100000000)
  eden space 2048K, 100% used [0x00000000eab00000,0x00000000ead00000,0x00000000ead00000)
  from space 512K, 6% used [0x00000000ead00000,0x00000000ead08000,0x00000000ead80000)
  to   space 512K, 0% used [0x00000000ead80000,0x00000000ead80000,0x00000000eae00000)
 ParOldGen       total 206336K, used 204303K [0x00000000c0000000, 0x00000000cc980000, 0x00000000eab00000)
  object space 206336K, 99% used [0x00000000c0000000,0x00000000cc783e68,0x00000000cc980000)
 Metaspace       used 92611K, committed 93952K, reserved 1179648K
  class space    used 9034K, committed 9664K, reserved 1048576K
}
Event: 232557.133 GC heap after
{Heap after GC invocations=12805 (full 284):
 PSYoungGen      total 2560K, used 32K [0x00000000eab00000, 0x00000000eae80000, 0x0000000100000000)
  eden space 2048K, 0% used [0x00000000eab00000,0x00000000eab00000,0x00000000ead00000)
  from space 512K, 6% used [0x00000000ead80000,0x00000000ead88000,0x00000000eae00000)
  to   space 512K, 0% used [0x00000000ead00000,0x00000000ead00000,0x00000000ead80000)
 ParOldGen       total 206336K, used 204303K [0x00000000c0000000, 0x00000000cc980000, 0x00000000eab00000)
  object space 206336K, 99% used [0x00000000c0000000,0x00000000cc783e68,0x00000000cc980000)
 Metaspace       used 92611K, committed 93952K, reserved 1179648K
  class space    used 9034K, committed 9664K, reserved 1048576K
}
Event: 232557.139 GC heap before
{Heap before GC invocations=12806 (full 284):
 PSYoungGen      total 2560K, used 2080K [0x00000000eab00000, 0x00000000eae80000, 0x0000000100000000)
  eden space 2048K, 100% used [0x00000000eab00000,0x00000000ead00000,0x00000000ead00000)
  from space 512K, 6% used [0x00000000ead80000,0x00000000ead88000,0x00000000eae00000)
  to   space 512K, 0% used [0x00000000ead00000,0x00000000ead00000,0x00000000ead80000)
 ParOldGen       total 206336K, used 204303K [0x00000000c0000000, 0x00000000cc980000, 0x00000000eab00000)
  object space 206336K, 99% used [0x00000000c0000000,0x00000000cc783e68,0x00000000cc980000)
 Metaspace       used 92611K, committed 93952K, reserved 1179648K
  class space    used 9034K, committed 9664K, reserved 1048576K
}
Event: 232557.141 GC heap after
{Heap after GC invocations=12806 (full 284):
 PSYoungGen      total 2560K, used 0K [0x00000000eab00000, 0x00000000eae80000, 0x0000000100000000)
  eden space 2048K, 0% used [0x00000000eab00000,0x00000000eab00000,0x00000000ead00000)
  from space 512K, 0% used [0x00000000ead00000,0x00000000ead00000,0x00000000ead80000)
  to   space 512K, 0% used [0x00000000eae00000,0x00000000eae00000,0x00000000eae80000)
 ParOldGen       total 206336K, used 204303K [0x00000000c0000000, 0x00000000cc980000, 0x00000000eab00000)
  object space 206336K, 99% used [0x00000000c0000000,0x00000000cc783e68,0x00000000cc980000)
 Metaspace       used 92611K, committed 93952K, reserved 1179648K
  class space    used 9034K, committed 9664K, reserved 1048576K
}
Event: 232557.167 GC heap before
{Heap before GC invocations=12807 (full 284):
 PSYoungGen      total 2560K, used 2048K [0x00000000eab00000, 0x00000000eae80000, 0x0000000100000000)
  eden space 2048K, 100% used [0x00000000eab00000,0x00000000ead00000,0x00000000ead00000)
  from space 512K, 0% used [0x00000000ead00000,0x00000000ead00000,0x00000000ead80000)
  to   space 512K, 0% used [0x00000000eae00000,0x00000000eae00000,0x00000000eae80000)
 ParOldGen       total 206336K, used 204303K [0x00000000c0000000, 0x00000000cc980000, 0x00000000eab00000)
  object space 206336K, 99% used [0x00000000c0000000,0x00000000cc783e68,0x00000000cc980000)
 Metaspace       used 92611K, committed 93952K, reserved 1179648K
  class space    used 9034K, committed 9664K, reserved 1048576K
}
Event: 232557.169 GC heap after
{Heap after GC invocations=12807 (full 284):
 PSYoungGen      total 2560K, used 0K [0x00000000eab00000, 0x00000000eae80000, 0x0000000100000000)
  eden space 2048K, 0% used [0x00000000eab00000,0x00000000eab00000,0x00000000ead00000)
  from space 512K, 0% used [0x00000000eae00000,0x00000000eae00000,0x00000000eae80000)
  to   space 512K, 0% used [0x00000000ead00000,0x00000000ead00000,0x00000000ead80000)
 ParOldGen       total 206336K, used 204303K [0x00000000c0000000, 0x00000000cc980000, 0x00000000eab00000)
  object space 206336K, 99% used [0x00000000c0000000,0x00000000cc783e68,0x00000000cc980000)
 Metaspace       used 92611K, committed 93952K, reserved 1179648K
  class space    used 9034K, committed 9664K, reserved 1048576K
}
Event: 232557.174 GC heap before
{Heap before GC invocations=12808 (full 284):
 PSYoungGen      total 2560K, used 2048K [0x00000000eab00000, 0x00000000eae80000, 0x0000000100000000)
  eden space 2048K, 100% used [0x00000000eab00000,0x00000000ead00000,0x00000000ead00000)
  from space 512K, 0% used [0x00000000eae00000,0x00000000eae00000,0x00000000eae80000)
  to   space 512K, 0% used [0x00000000ead00000,0x00000000ead00000,0x00000000ead80000)
 ParOldGen       total 206336K, used 204303K [0x00000000c0000000, 0x00000000cc980000, 0x00000000eab00000)
  object space 206336K, 99% used [0x00000000c0000000,0x00000000cc783e68,0x00000000cc980000)
 Metaspace       used 92611K, committed 93952K, reserved 1179648K
  class space    used 9034K, committed 9664K, reserved 1048576K
}
Event: 232557.176 GC heap after
{Heap after GC invocations=12808 (full 284):
 PSYoungGen      total 2560K, used 32K [0x00000000eab00000, 0x00000000eae80000, 0x0000000100000000)
  eden space 2048K, 0% used [0x00000000eab00000,0x00000000eab00000,0x00000000ead00000)
  from space 512K, 6% used [0x00000000ead00000,0x00000000ead08000,0x00000000ead80000)
  to   space 512K, 0% used [0x00000000eae00000,0x00000000eae00000,0x00000000eae80000)
 ParOldGen       total 206336K, used 204303K [0x00000000c0000000, 0x00000000cc980000, 0x00000000eab00000)
  object space 206336K, 99% used [0x00000000c0000000,0x00000000cc783e68,0x00000000cc980000)
 Metaspace       used 92611K, committed 93952K, reserved 1179648K
  class space    used 9034K, committed 9664K, reserved 1048576K
}
Event: 232557.181 GC heap before
{Heap before GC invocations=12809 (full 284):
 PSYoungGen      total 2560K, used 2080K [0x00000000eab00000, 0x00000000eae80000, 0x0000000100000000)
  eden space 2048K, 100% used [0x00000000eab00000,0x00000000ead00000,0x00000000ead00000)
  from space 512K, 6% used [0x00000000ead00000,0x00000000ead08000,0x00000000ead80000)
  to   space 512K, 0% used [0x00000000eae00000,0x00000000eae00000,0x00000000eae80000)
 ParOldGen       total 206336K, used 204303K [0x00000000c0000000, 0x00000000cc980000, 0x00000000eab00000)
  object space 206336K, 99% used [0x00000000c0000000,0x00000000cc783e68,0x00000000cc980000)
 Metaspace       used 92611K, committed 93952K, reserved 1179648K
  class space    used 9034K, committed 9664K, reserved 1048576K
}
Event: 232557.183 GC heap after
{Heap after GC invocations=12809 (full 284):
 PSYoungGen      total 3072K, used 0K [0x00000000eab00000, 0x00000000eae80000, 0x0000000100000000)
  eden space 2560K, 0% used [0x00000000eab00000,0x00000000eab00000,0x00000000ead80000)
  from space 512K, 0% used [0x00000000eae00000,0x00000000eae00000,0x00000000eae80000)
  to   space 512K, 0% used [0x00000000ead80000,0x00000000ead80000,0x00000000eae00000)
 ParOldGen       total 206336K, used 204303K [0x00000000c0000000, 0x00000000cc980000, 0x00000000eab00000)
  object space 206336K, 99% used [0x00000000c0000000,0x00000000cc783e68,0x00000000cc980000)
 Metaspace       used 92611K, committed 93952K, reserved 1179648K
  class space    used 9034K, committed 9664K, reserved 1048576K
}
Event: 232653.990 GC heap before
{Heap before GC invocations=12810 (full 284):
 PSYoungGen      total 3072K, used 2557K [0x00000000eab00000, 0x00000000eae80000, 0x0000000100000000)
  eden space 2560K, 99% used [0x00000000eab00000,0x00000000ead7f7e0,0x00000000ead80000)
  from space 512K, 0% used [0x00000000eae00000,0x00000000eae00000,0x00000000eae80000)
  to   space 512K, 0% used [0x00000000ead80000,0x00000000ead80000,0x00000000eae00000)
 ParOldGen       total 206336K, used 204303K [0x00000000c0000000, 0x00000000cc980000, 0x00000000eab00000)
  object space 206336K, 99% used [0x00000000c0000000,0x00000000cc783e68,0x00000000cc980000)
 Metaspace       used 92758K, committed 94080K, reserved 1179648K
  class space    used 9061K, committed 9664K, reserved 1048576K
}
Event: 232653.993 GC heap after
{Heap after GC invocations=12810 (full 284):
 PSYoungGen      total 3072K, used 256K [0x00000000eab00000, 0x00000000eae80000, 0x0000000100000000)
  eden space 2560K, 0% used [0x00000000eab00000,0x00000000eab00000,0x00000000ead80000)
  from space 512K, 50% used [0x00000000ead80000,0x00000000eadc0000,0x00000000eae00000)
  to   space 512K, 0% used [0x00000000eae00000,0x00000000eae00000,0x00000000eae80000)
 ParOldGen       total 206336K, used 204303K [0x00000000c0000000, 0x00000000cc980000, 0x00000000eab00000)
  object space 206336K, 99% used [0x00000000c0000000,0x00000000cc783e68,0x00000000cc980000)
 Metaspace       used 92758K, committed 94080K, reserved 1179648K
  class space    used 9061K, committed 9664K, reserved 1048576K
}
Event: 232654.163 GC heap before
{Heap before GC invocations=12811 (full 284):
 PSYoungGen      total 3072K, used 2816K [0x00000000eab00000, 0x00000000eae80000, 0x0000000100000000)
  eden space 2560K, 100% used [0x00000000eab00000,0x00000000ead80000,0x00000000ead80000)
  from space 512K, 50% used [0x00000000ead80000,0x00000000eadc0000,0x00000000eae00000)
  to   space 512K, 0% used [0x00000000eae00000,0x00000000eae00000,0x00000000eae80000)
 ParOldGen       total 206336K, used 204303K [0x00000000c0000000, 0x00000000cc980000, 0x00000000eab00000)
  object space 206336K, 99% used [0x00000000c0000000,0x00000000cc783e68,0x00000000cc980000)
 Metaspace       used 92890K, committed 94208K, reserved 1179648K
  class space    used 9075K, committed 9664K, reserved 1048576K
}
Event: 232654.166 GC heap after
{Heap after GC invocations=12811 (full 284):
 PSYoungGen      total 2560K, used 512K [0x00000000eab00000, 0x00000000eaf80000, 0x0000000100000000)
  eden space 2048K, 0% used [0x00000000eab00000,0x00000000eab00000,0x00000000ead00000)
  from space 512K, 100% used [0x00000000eae00000,0x00000000eae80000,0x00000000eae80000)
  to   space 1024K, 0% used [0x00000000ead00000,0x00000000ead00000,0x00000000eae00000)
 ParOldGen       total 206336K, used 204435K [0x00000000c0000000, 0x00000000cc980000, 0x00000000eab00000)
  object space 206336K, 99% used [0x00000000c0000000,0x00000000cc7a4e78,0x00000000cc980000)
 Metaspace       used 92890K, committed 94208K, reserved 1179648K
  class space    used 9075K, committed 9664K, reserved 1048576K
}
Event: 232654.254 GC heap before
{Heap before GC invocations=12812 (full 284):
 PSYoungGen      total 2560K, used 2560K [0x00000000eab00000, 0x00000000eaf80000, 0x0000000100000000)
  eden space 2048K, 100% used [0x00000000eab00000,0x00000000ead00000,0x00000000ead00000)
  from space 512K, 100% used [0x00000000eae00000,0x00000000eae80000,0x00000000eae80000)
  to   space 1024K, 0% used [0x00000000ead00000,0x00000000ead00000,0x00000000eae00000)
 ParOldGen       total 206336K, used 204435K [0x00000000c0000000, 0x00000000cc980000, 0x00000000eab00000)
  object space 206336K, 99% used [0x00000000c0000000,0x00000000cc7a4e78,0x00000000cc980000)
 Metaspace       used 93017K, committed 94272K, reserved 1179648K
  class space    used 9094K, committed 9664K, reserved 1048576K
}
Event: 232654.258 GC heap after
{Heap after GC invocations=12812 (full 284):
 PSYoungGen      total 3072K, used 1001K [0x00000000eab00000, 0x00000000eb100000, 0x0000000100000000)
  eden space 2048K, 0% used [0x00000000eab00000,0x00000000eab00000,0x00000000ead00000)
  from space 1024K, 97% used [0x00000000ead00000,0x00000000eadfa5a0,0x00000000eae00000)
  to   space 2048K, 0% used [0x00000000eaf00000,0x00000000eaf00000,0x00000000eb100000)
 ParOldGen       total 206336K, used 204936K [0x00000000c0000000, 0x00000000cc980000, 0x00000000eab00000)
  object space 206336K, 99% used [0x00000000c0000000,0x00000000cc822160,0x00000000cc980000)
 Metaspace       used 93017K, committed 94272K, reserved 1179648K
  class space    used 9094K, committed 9664K, reserved 1048576K
}
Event: 232654.264 GC heap before
{Heap before GC invocations=12813 (full 284):
 PSYoungGen      total 3072K, used 3049K [0x00000000eab00000, 0x00000000eb100000, 0x0000000100000000)
  eden space 2048K, 100% used [0x00000000eab00000,0x00000000ead00000,0x00000000ead00000)
  from space 1024K, 97% used [0x00000000ead00000,0x00000000eadfa5a0,0x00000000eae00000)
  to   space 2048K, 0% used [0x00000000eaf00000,0x00000000eaf00000,0x00000000eb100000)
 ParOldGen       total 206336K, used 204936K [0x00000000c0000000, 0x00000000cc980000, 0x00000000eab00000)
  object space 206336K, 99% used [0x00000000c0000000,0x00000000cc822160,0x00000000cc980000)
 Metaspace       used 93017K, committed 94272K, reserved 1179648K
  class space    used 9094K, committed 9664K, reserved 1048576K
}
Event: 232654.268 GC heap after
{Heap after GC invocations=12813 (full 284):
 PSYoungGen      total 2560K, used 2048K [0x00000000eab00000, 0x00000000eb400000, 0x0000000100000000)
  eden space 512K, 0% used [0x00000000eab00000,0x00000000eab00000,0x00000000eab80000)
  from space 2048K, 100% used [0x00000000eaf00000,0x00000000eb100000,0x00000000eb100000)
  to   space 3584K, 0% used [0x00000000eab80000,0x00000000eab80000,0x00000000eaf00000)
 ParOldGen       total 206336K, used 205881K [0x00000000c0000000, 0x00000000cc980000, 0x00000000eab00000)
  object space 206336K, 99% used [0x00000000c0000000,0x00000000cc90e700,0x00000000cc980000)
 Metaspace       used 93017K, committed 94272K, reserved 1179648K
  class space    used 9094K, committed 9664K, reserved 1048576K
}
Event: 232654.268 GC heap before
{Heap before GC invocations=12814 (full 285):
 PSYoungGen      total 2560K, used 2048K [0x00000000eab00000, 0x00000000eb400000, 0x0000000100000000)
  eden space 512K, 0% used [0x00000000eab00000,0x00000000eab00000,0x00000000eab80000)
  from space 2048K, 100% used [0x00000000eaf00000,0x00000000eb100000,0x00000000eb100000)
  to   space 3584K, 0% used [0x00000000eab80000,0x00000000eab80000,0x00000000eaf00000)
 ParOldGen       total 206336K, used 205881K [0x00000000c0000000, 0x00000000cc980000, 0x00000000eab00000)
  object space 206336K, 99% used [0x00000000c0000000,0x00000000cc90e700,0x00000000cc980000)
 Metaspace       used 93017K, committed 94272K, reserved 1179648K
  class space    used 9094K, committed 9664K, reserved 1048576K
}

